;  LST file generated by mikroListExporter - v.2.0 
; Date/Time: 2/06/2023 20:03:16
;----------------------------------------------

;Address Opcode 	ASM
0x0000	0x28CB      	GOTO       203
_____DoICP:
;__Lib_System.c,6 :: 		
;__Lib_System.c,9 :: 		
0x0003	0x1283      	BCF        STATUS, 5
0x0004	0x1303      	BCF        STATUS, 6
0x0005	0x0821      	MOVF       ___DoICPAddr+1, 0
0x0006	0x008A      	MOVWF      PCLATH
;__Lib_System.c,10 :: 		
0x0007	0x0820      	MOVF       ___DoICPAddr, 0
0x0008	0x0082      	MOVWF      PCL
;__Lib_System.c,12 :: 		
L_end_____DoICP:
0x0009	0x0008      	RETURN
; end of _____DoICP
_Delay_500us:
;__Lib_Delays.c,27 :: 		void Delay_500us() {
;__Lib_Delays.c,28 :: 		Delay_us(498);
0x000A	0x30A5      	MOVLW      165
0x000B	0x1283      	BCF        STATUS, 5
0x000C	0x1303      	BCF        STATUS, 6
0x000D	0x00FD      	MOVWF      R13
L_Delay_500us4:
0x000E	0x0BFD      	DECFSZ     R13, 1
0x000F	0x280E      	GOTO       L_Delay_500us4
0x0010	0x0000      	NOP
0x0011	0x0000      	NOP
;__Lib_Delays.c,29 :: 		}
L_end_Delay_500us:
0x0012	0x0008      	RETURN
; end of _Delay_500us
_Mul_16X16_U:
;__Lib_Math.c,136 :: 		
;__Lib_Math.c,143 :: 		
0x0013	0x1283      	BCF        STATUS, 5
;__Lib_Math.c,144 :: 		
0x0014	0x1303      	BCF        STATUS, 6
;__Lib_Math.c,145 :: 		
0x0015	0x01FB      	CLRF       R11
;__Lib_Math.c,146 :: 		
0x0016	0x01FA      	CLRF       R10
;__Lib_Math.c,147 :: 		
0x0017	0x01F9      	CLRF       R9
;__Lib_Math.c,148 :: 		
0x0018	0x3080      	MOVLW      128
;__Lib_Math.c,149 :: 		
0x0019	0x00F8      	MOVWF      R8
;__Lib_Math.c,150 :: 		
0x001A	0x0CF1      	RRF        R1, 1
;__Lib_Math.c,151 :: 		
0x001B	0x0CF0      	RRF        R0, 1
;__Lib_Math.c,152 :: 		
0x001C	0x1C03      	BTFSS      STATUS, 0
;__Lib_Math.c,153 :: 		
0x001D	0x2827      	GOTO       $+10
;__Lib_Math.c,154 :: 		
0x001E	0x0874      	MOVF       R4, 0
;__Lib_Math.c,155 :: 		
0x001F	0x07F9      	ADDWF      R9, 1
;__Lib_Math.c,156 :: 		
0x0020	0x0875      	MOVF       R5, 0
;__Lib_Math.c,157 :: 		
0x0021	0x1803      	BTFSC      STATUS, 0
;__Lib_Math.c,158 :: 		
0x0022	0x0F75      	INCFSZ     R5, 0
;__Lib_Math.c,159 :: 		
0x0023	0x07FA      	ADDWF      R10, 1
;__Lib_Math.c,160 :: 		
0x0024	0x1803      	BTFSC      STATUS, 0
;__Lib_Math.c,161 :: 		
0x0025	0x0AFB      	INCF       R11, 1
;__Lib_Math.c,162 :: 		
0x0026	0x1003      	BCF        STATUS, 0
;__Lib_Math.c,163 :: 		
0x0027	0x1FF0      	BTFSS      R0, 7
;__Lib_Math.c,164 :: 		
0x0028	0x282F      	GOTO       $+7
;__Lib_Math.c,165 :: 		
0x0029	0x0874      	MOVF       R4, 0
;__Lib_Math.c,166 :: 		
0x002A	0x07FA      	ADDWF      R10, 1
;__Lib_Math.c,167 :: 		
0x002B	0x0875      	MOVF       R5, 0
;__Lib_Math.c,168 :: 		
0x002C	0x1803      	BTFSC      STATUS, 0
;__Lib_Math.c,169 :: 		
0x002D	0x0F75      	INCFSZ     R5, 0
;__Lib_Math.c,170 :: 		
0x002E	0x07FB      	ADDWF      R11, 1
;__Lib_Math.c,171 :: 		
0x002F	0x0CFB      	RRF        R11, 1
;__Lib_Math.c,172 :: 		
0x0030	0x0CFA      	RRF        R10, 1
;__Lib_Math.c,173 :: 		
0x0031	0x0CF9      	RRF        R9, 1
;__Lib_Math.c,174 :: 		
0x0032	0x0CF8      	RRF        R8, 1
;__Lib_Math.c,175 :: 		
0x0033	0x1C03      	BTFSS      STATUS, 0
;__Lib_Math.c,176 :: 		
0x0034	0x281A      	GOTO       $-26
;__Lib_Math.c,177 :: 		
0x0035	0x087B      	MOVF       R11, 0
;__Lib_Math.c,178 :: 		
0x0036	0x00F3      	MOVWF      R3
;__Lib_Math.c,179 :: 		
0x0037	0x087A      	MOVF       R10, 0
;__Lib_Math.c,180 :: 		
0x0038	0x00F2      	MOVWF      R2
;__Lib_Math.c,181 :: 		
0x0039	0x0879      	MOVF       R9, 0
;__Lib_Math.c,182 :: 		
0x003A	0x00F1      	MOVWF      R1
;__Lib_Math.c,183 :: 		
0x003B	0x0878      	MOVF       R8, 0
;__Lib_Math.c,184 :: 		
0x003C	0x00F0      	MOVWF      R0
;__Lib_Math.c,187 :: 		
L_end_Mul_16X16_U:
0x003D	0x0008      	RETURN
; end of _Mul_16X16_U
_PWM1_Start:
;__Lib_PWM_c21.c,51 :: 		
;__Lib_PWM_c21.c,52 :: 		
0x003E	0x1683      	BSF        STATUS, 5
0x003F	0x1303      	BCF        STATUS, 6
0x0040	0x1107      	BCF        TRISC2_bit, BitPos(TRISC2_bit+0)
;__Lib_PWM_c21.c,53 :: 		
0x0041	0x1283      	BCF        STATUS, 5
0x0042	0x1512      	BSF        T2CON, 2
;__Lib_PWM_c21.c,54 :: 		
0x0043	0x300C      	MOVLW      12
0x0044	0x0497      	IORWF      CCP1CON, 1
;__Lib_PWM_c21.c,55 :: 		
L_end_PWM1_Start:
0x0045	0x0008      	RETURN
; end of _PWM1_Start
_Button:
;__Lib_Button.c,6 :: 		
;__Lib_Button.c,8 :: 		
0x0046	0x1283      	BCF        STATUS, 5
0x0047	0x1303      	BCF        STATUS, 6
0x0048	0x01A9      	CLRF       Button_rslt_L0
;__Lib_Button.c,11 :: 		
0x0049	0x0825      	MOVF       FARG_Button_pin, 0
0x004A	0x00F1      	MOVWF      R1
0x004B	0x3001      	MOVLW      1
0x004C	0x00F0      	MOVWF      R0
0x004D	0x0871      	MOVF       R1, 0
L__Button5:
0x004E	0x1903      	BTFSC      STATUS, 2
0x004F	0x2854      	GOTO       L__Button6
0x0050	0x0DF0      	RLF        R0, 1
0x0051	0x1070      	BCF        R0, 0
0x0052	0x3EFF      	ADDLW      255
0x0053	0x284E      	GOTO       L__Button5
L__Button6:
0x0054	0x0870      	MOVF       R0, 0
0x0055	0x00A8      	MOVWF      Button_pMask_L0
;__Lib_Button.c,13 :: 		
0x0056	0x0824      	MOVF       FARG_Button_port, 0
0x0057	0x0084      	MOVWF      FSR
0x0058	0x0870      	MOVF       R0, 0
0x0059	0x0500      	ANDWF      INDF, 0
0x005A	0x00F1      	MOVWF      R1
0x005B	0x0871      	MOVF       R1, 0
0x005C	0x3001      	MOVLW      1
0x005D	0x1D03      	BTFSS      STATUS, 2
0x005E	0x3000      	MOVLW      0
0x005F	0x00F0      	MOVWF      R0
0x0060	0x0827      	MOVF       FARG_Button_active_state, 0
0x0061	0x06F0      	XORWF      R0, 1
0x0062	0x1903      	BTFSC      STATUS, 2
0x0063	0x287C      	GOTO       L_Button0
;__Lib_Button.c,15 :: 		
L_Button1:
0x0064	0x0826      	MOVF       FARG_Button_time_ms, 0
0x0065	0x3C00      	SUBLW      0
0x0066	0x1803      	BTFSC      STATUS, 0
0x0067	0x286C      	GOTO       L_Button2
;__Lib_Button.c,16 :: 		
0x0068	0x200A      	CALL       _Delay_500us
;__Lib_Button.c,17 :: 		
0x0069	0x200A      	CALL       _Delay_500us
;__Lib_Button.c,18 :: 		
0x006A	0x03A6      	DECF       FARG_Button_time_ms, 1
;__Lib_Button.c,19 :: 		
0x006B	0x2864      	GOTO       L_Button1
L_Button2:
;__Lib_Button.c,21 :: 		
0x006C	0x0824      	MOVF       FARG_Button_port, 0
0x006D	0x0084      	MOVWF      FSR
0x006E	0x0828      	MOVF       Button_pMask_L0, 0
0x006F	0x0500      	ANDWF      INDF, 0
0x0070	0x00F1      	MOVWF      R1
0x0071	0x0871      	MOVF       R1, 0
0x0072	0x3001      	MOVLW      1
0x0073	0x1D03      	BTFSS      STATUS, 2
0x0074	0x3000      	MOVLW      0
0x0075	0x00F0      	MOVWF      R0
0x0076	0x0827      	MOVF       FARG_Button_active_state, 0
0x0077	0x06F0      	XORWF      R0, 1
0x0078	0x1903      	BTFSC      STATUS, 2
0x0079	0x287C      	GOTO       L_Button3
;__Lib_Button.c,22 :: 		
0x007A	0x30FF      	MOVLW      255
0x007B	0x00A9      	MOVWF      Button_rslt_L0
L_Button3:
;__Lib_Button.c,23 :: 		
L_Button0:
;__Lib_Button.c,25 :: 		
0x007C	0x0829      	MOVF       Button_rslt_L0, 0
0x007D	0x00F0      	MOVWF      R0
;__Lib_Button.c,26 :: 		
L_end_Button:
0x007E	0x0008      	RETURN
; end of _Button
_PWM1_Init:
;__Lib_PWM_c21.c,33 :: 		
;__Lib_PWM_c21.c,34 :: 		
;__Lib_PWM_c21.c,35 :: 		
0x007F	0x1283      	BCF        STATUS, 5
0x0080	0x1303      	BCF        STATUS, 6
0x0081	0x0195      	CLRF       CCPR1L
;__Lib_PWM_c21.c,36 :: 		
0x0082	0x1217      	BCF        CCP1CON, 4
;__Lib_PWM_c21.c,37 :: 		
0x0083	0x1297      	BCF        CCP1CON, 5
;__Lib_PWM_c21.c,38 :: 		
L_end_PWM1_Init:
0x0084	0x0008      	RETURN
; end of _PWM1_Init
___CC2DW:
;__Lib_System.c,134 :: 		
;__Lib_System.c,137 :: 		
_CC2D_Loop1:
;__Lib_System.c,139 :: 		
0x0085	0x2003      	CALL       _____DoICP
0x0086	0x118A      	BCF        PCLATH, 3
0x0087	0x120A      	BCF        PCLATH, 4
;__Lib_System.c,141 :: 		
0x0088	0x0080      	MOVWF      INDF
;__Lib_System.c,142 :: 		
0x0089	0x0A84      	INCF       FSR, 1
;__Lib_System.c,143 :: 		
0x008A	0x0AA0      	INCF       ___DoICPAddr, 1
;__Lib_System.c,145 :: 		
0x008B	0x1903      	BTFSC      STATUS, 2
;__Lib_System.c,146 :: 		
0x008C	0x0AA1      	INCF       ___DoICPAddr+1, 1
;__Lib_System.c,147 :: 		
0x008D	0x03F0      	DECF       R0, 1
;__Lib_System.c,149 :: 		
0x008E	0x1D03      	BTFSS      STATUS, 2
;__Lib_System.c,150 :: 		
0x008F	0x2885      	GOTO       _CC2D_Loop1
;__Lib_System.c,152 :: 		
L_end___CC2DW:
0x0090	0x0008      	RETURN
; end of ___CC2DW
_PWM1_Set_Duty:
;__Lib_PWM_c21.c,40 :: 		
;__Lib_PWM_c21.c,44 :: 		
0x0091	0x1683      	BSF        STATUS, 5
0x0092	0x1303      	BCF        STATUS, 6
0x0093	0x0812      	MOVF       PR2, 0
0x0094	0x3E01      	ADDLW      1
0x0095	0x00F0      	MOVWF      R0
0x0096	0x01F1      	CLRF       R0+1
0x0097	0x1803      	BTFSC      STATUS, 0
0x0098	0x0AF1      	INCF       R0+1, 1
0x0099	0x1283      	BCF        STATUS, 5
0x009A	0x0824      	MOVF       FARG_PWM1_Set_Duty_new_duty, 0
0x009B	0x00F4      	MOVWF      R4
0x009C	0x01F5      	CLRF       R4+1
0x009D	0x2013      	CALL       _Mul_16X16_U
0x009E	0x3006      	MOVLW      6
0x009F	0x00F2      	MOVWF      R2
0x00A0	0x0870      	MOVF       R0, 0
0x00A1	0x00F4      	MOVWF      R4
0x00A2	0x0871      	MOVF       R0+1, 0
0x00A3	0x00F5      	MOVWF      R4+1
0x00A4	0x0872      	MOVF       R2, 0
L__PWM1_Set_Duty10:
0x00A5	0x1903      	BTFSC      STATUS, 2
0x00A6	0x28AC      	GOTO       L__PWM1_Set_Duty11
0x00A7	0x0CF5      	RRF        R4+1, 1
0x00A8	0x0CF4      	RRF        R4, 1
0x00A9	0x13F5      	BCF        R4+1, 7
0x00AA	0x3EFF      	ADDLW      255
0x00AB	0x28A5      	GOTO       L__PWM1_Set_Duty10
L__PWM1_Set_Duty11:
;__Lib_PWM_c21.c,45 :: 		
0x00AC	0x3004      	MOVLW      4
0x00AD	0x00F1      	MOVWF      R1
0x00AE	0x0874      	MOVF       R4, 0
0x00AF	0x00F0      	MOVWF      R0
0x00B0	0x0871      	MOVF       R1, 0
L__PWM1_Set_Duty12:
0x00B1	0x1903      	BTFSC      STATUS, 2
0x00B2	0x28B7      	GOTO       L__PWM1_Set_Duty13
0x00B3	0x0DF0      	RLF        R0, 1
0x00B4	0x1070      	BCF        R0, 0
0x00B5	0x3EFF      	ADDLW      255
0x00B6	0x28B1      	GOTO       L__PWM1_Set_Duty12
L__PWM1_Set_Duty13:
0x00B7	0x3030      	MOVLW      48
0x00B8	0x0570      	ANDWF      R0, 0
0x00B9	0x00F3      	MOVWF      R3
;__Lib_PWM_c21.c,46 :: 		
0x00BA	0x0874      	MOVF       R4, 0
0x00BB	0x00F0      	MOVWF      R0
0x00BC	0x0875      	MOVF       R4+1, 0
0x00BD	0x00F1      	MOVWF      R0+1
0x00BE	0x0CF1      	RRF        R0+1, 1
0x00BF	0x0CF0      	RRF        R0, 1
0x00C0	0x13F1      	BCF        R0+1, 7
0x00C1	0x0CF1      	RRF        R0+1, 1
0x00C2	0x0CF0      	RRF        R0, 1
0x00C3	0x13F1      	BCF        R0+1, 7
0x00C4	0x0870      	MOVF       R0, 0
0x00C5	0x0095      	MOVWF      CCPR1L
;__Lib_PWM_c21.c,47 :: 		
0x00C6	0x300F      	MOVLW      15
0x00C7	0x0597      	ANDWF      CCP1CON, 1
;__Lib_PWM_c21.c,48 :: 		
0x00C8	0x0873      	MOVF       R3, 0
0x00C9	0x0497      	IORWF      CCP1CON, 1
;__Lib_PWM_c21.c,49 :: 		
L_end_PWM1_Set_Duty:
0x00CA	0x0008      	RETURN
; end of _PWM1_Set_Duty
_main:
;PWM.c,4 :: 		void main() {
;PWM.c,5 :: 		ANSEL = 0;       // Todos los pines de E/S se configuran como digitales
0x00CB	0x1683      	BSF        STATUS, 5
0x00CC	0x1703      	BSF        STATUS, 6
0x00CD	0x0188      	CLRF       ANSEL
;PWM.c,6 :: 		ANSELH = 0;
0x00CE	0x0189      	CLRF       ANSELH
;PWM.c,7 :: 		PORTA = 255;     // Estado inicial del puerto PORTA
0x00CF	0x30FF      	MOVLW      255
0x00D0	0x1283      	BCF        STATUS, 5
0x00D1	0x1303      	BCF        STATUS, 6
0x00D2	0x0085      	MOVWF      PORTA
;PWM.c,8 :: 		TRISA = 255;     // Todos los pines del puerto PORTA se configuran como entradas
0x00D3	0x30FF      	MOVLW      255
0x00D4	0x1683      	BSF        STATUS, 5
0x00D5	0x0085      	MOVWF      TRISA
;PWM.c,9 :: 		PORTC = 0;       // Estado inicial del puerto PORTC
0x00D6	0x1283      	BCF        STATUS, 5
0x00D7	0x0187      	CLRF       PORTC
;PWM.c,10 :: 		TRISC = 0;       // Todos los pines del puerto PORTC se configuran como salidas
0x00D8	0x1683      	BSF        STATUS, 5
0x00D9	0x0187      	CLRF       TRISC
;PWM.c,11 :: 		PWM1_Init(5000); // Inicialización del módulo PWM (5KHz)
0x00DA	0x1283      	BCF        STATUS, 5
0x00DB	0x1012      	BCF        T2CON, 0
0x00DC	0x1092      	BCF        T2CON, 1
0x00DD	0x30C7      	MOVLW      199
0x00DE	0x1683      	BSF        STATUS, 5
0x00DF	0x0092      	MOVWF      PR2
0x00E0	0x207F      	CALL       _PWM1_Init
;PWM.c,12 :: 		ciclo_de_trabajo_actual = 16;    // Valor inicial de la variable ciclo_de_trabajo_actual
0x00E1	0x3010      	MOVLW      16
0x00E2	0x00A2      	MOVWF      _ciclo_de_trabajo_actual
;PWM.c,13 :: 		ciclo_de_trabajo_anterior = 0;   // Reiniciar la variable ciclo_de trabajo_anterior
0x00E3	0x01A3      	CLRF       _ciclo_de_trabajo_anterior
;PWM.c,14 :: 		PWM1_Start();                    // Iniciar el módulo PWM1
0x00E4	0x203E      	CALL       _PWM1_Start
;PWM.c,16 :: 		while (1) {                      // Bucle infinito
L_main0:
;PWM.c,17 :: 		if (Button(&PORTA, 0,1,1))     // Si se presiona el botón conectado al RA0
0x00E5	0x3005      	MOVLW      PORTA
0x00E6	0x00A4      	MOVWF      FARG_Button_port
0x00E7	0x01A5      	CLRF       FARG_Button_pin
0x00E8	0x3001      	MOVLW      1
0x00E9	0x00A6      	MOVWF      FARG_Button_time_ms
0x00EA	0x3001      	MOVLW      1
0x00EB	0x00A7      	MOVWF      FARG_Button_active_state
0x00EC	0x2046      	CALL       _Button
0x00ED	0x0870      	MOVF       R0, 0
0x00EE	0x1903      	BTFSC      STATUS, 2
0x00EF	0x28F1      	GOTO       L_main2
;PWM.c,18 :: 		ciclo_de_trabajo_actual++ ;    // incrementar el valor de la variable current_duty
0x00F0	0x0AA2      	INCF       _ciclo_de_trabajo_actual, 1
L_main2:
;PWM.c,19 :: 		if (Button(&PORTA, 1,1,1))     // Si se presiona el botón conectado al RA1
0x00F1	0x3005      	MOVLW      PORTA
0x00F2	0x00A4      	MOVWF      FARG_Button_port
0x00F3	0x3001      	MOVLW      1
0x00F4	0x00A5      	MOVWF      FARG_Button_pin
0x00F5	0x3001      	MOVLW      1
0x00F6	0x00A6      	MOVWF      FARG_Button_time_ms
0x00F7	0x3001      	MOVLW      1
0x00F8	0x00A7      	MOVWF      FARG_Button_active_state
0x00F9	0x2046      	CALL       _Button
0x00FA	0x0870      	MOVF       R0, 0
0x00FB	0x1903      	BTFSC      STATUS, 2
0x00FC	0x28FE      	GOTO       L_main3
;PWM.c,20 :: 		ciclo_de_trabajo_actual-- ;    // decrementar el valor de la variable current_duty
0x00FD	0x03A2      	DECF       _ciclo_de_trabajo_actual, 1
L_main3:
;PWM.c,22 :: 		if (ciclo_de_trabajo_anterior != ciclo_de_trabajo_actual) { // Si ciclo_de_trabajo_actual y ciclo_de trabajo_anterior no son iguales
0x00FE	0x0823      	MOVF       _ciclo_de_trabajo_anterior, 0
0x00FF	0x0622      	XORWF      _ciclo_de_trabajo_actual, 0
0x0100	0x1903      	BTFSC      STATUS, 2
0x0101	0x2907      	GOTO       L_main4
;PWM.c,23 :: 		PWM1_Set_Duty(ciclo_de_trabajo_actual);              // ajustar un nuevo valor a PWM,
0x0102	0x0822      	MOVF       _ciclo_de_trabajo_actual, 0
0x0103	0x00A4      	MOVWF      FARG_PWM1_Set_Duty_new_duty
0x0104	0x2091      	CALL       _PWM1_Set_Duty
;PWM.c,24 :: 		ciclo_de_trabajo_anterior = ciclo_de_trabajo_actual; // Guardar el nuevo valor
0x0105	0x0822      	MOVF       _ciclo_de_trabajo_actual, 0
0x0106	0x00A3      	MOVWF      _ciclo_de_trabajo_anterior
;PWM.c,25 :: 		}
L_main4:
;PWM.c,26 :: 		Delay_ms(200); // Tiempo de retardo de 200mS
0x0107	0x3002      	MOVLW      2
0x0108	0x00FB      	MOVWF      R11
0x0109	0x3004      	MOVLW      4
0x010A	0x00FC      	MOVWF      R12
0x010B	0x30BA      	MOVLW      186
0x010C	0x00FD      	MOVWF      R13
L_main5:
0x010D	0x0BFD      	DECFSZ     R13, 1
0x010E	0x290D      	GOTO       L_main5
0x010F	0x0BFC      	DECFSZ     R12, 1
0x0110	0x290D      	GOTO       L_main5
0x0111	0x0BFB      	DECFSZ     R11, 1
0x0112	0x290D      	GOTO       L_main5
0x0113	0x0000      	NOP
;PWM.c,27 :: 		}
0x0114	0x28E5      	GOTO       L_main0
;PWM.c,28 :: 		}
L_end_main:
0x0115	0x2915      	GOTO       $+0
; end of _main
Symbol List:
//** Routines locations **
//ADDRESS    SIZE    PROCEDURE
//----------------------------------------------
0x0003       [7]    _____DoICP
0x000A       [9]    _Delay_500us
0x0013      [43]    _Mul_16X16_U
0x003E       [8]    _PWM1_Start
0x0046      [57]    _Button
0x007F       [6]    _PWM1_Init
0x0085      [12]    ___CC2DW
0x0091      [58]    _PWM1_Set_Duty
0x00CB      [75]    _main
//** Variables locations ** 
//ADDRESS    SIZE    VARIABLE
//----------------------------------------------
0x0000       [1]    INDF
0x0002       [1]    PCL
0x0003       [1]    STATUS
0x0004       [1]    FSR
0x0005       [1]    PORTA
0x0007       [1]    PORTC
0x000A       [1]    PCLATH
0x0012       [1]    T2CON
0x0015       [1]    CCPR1L
0x0017       [1]    CCP1CON
0x0020       [2]    ___DoICPAddr
0x0022       [1]    _ciclo_de_trabajo_actual
0x0023       [1]    _ciclo_de_trabajo_anterior
0x0024       [4]    FARG_PWM1_Init_PWM_Freq
0x0024       [1]    FARG_PWM1_Set_Duty_new_duty
0x0024       [1]    FARG_Button_port
0x0025       [1]    FARG_Button_pin
0x0026       [1]    FARG_Button_time_ms
0x0027       [1]    FARG_Button_active_state
0x0028       [1]    Button_pMask_L0
0x0029       [1]    Button_rslt_L0
0x0070       [1]    R0
0x0071       [1]    R1
0x0072       [1]    R2
0x0073       [1]    R3
0x0074       [1]    R4
0x0075       [1]    R5
0x0076       [1]    R6
0x0077       [1]    R7
0x0078       [1]    R8
0x0079       [1]    R9
0x007A       [1]    R10
0x007B       [1]    R11
0x007C       [1]    R12
0x007D       [1]    R13
0x007E       [1]    R14
0x007F       [1]    R15
0x0085       [1]    TRISA
0x0087       [0]    TRISC2_bit
0x0087       [1]    TRISC
0x0092       [1]    PR2
0x0188       [1]    ANSEL
0x0189       [1]    ANSELH
//** Label List: ** 
//----------------------------------------------
  L_main0
  L_main1
  L_main2
  L_main3
  L_main4
  L_main5
  L_end_main
  _main
  L_Button0
  L_Button1
  L_Button2
  L_Button3
  L_end_Button
  _Button
  L__Button5
  L__Button6
  L_Delay_10us0
  L_Delay_22us1
  L_Delay_50us2
  L_Delay_80us3
  L_Delay_500us4
  L_Delay_5500us5
  L_Delay_1ms6
  L_Delay_5ms7
  L_Delay_8ms8
  L_Delay_10ms9
  L_Delay_100ms10
  L_Delay_1sec11
  L_boot16_Delay_5ms12
  L_Delay_Cyc13
  L_Delay_Cyc14
  L_VDelay_ms15
  L_VDelay_ms16
  L_VDelay_ms17
  L_VDelay_Advanced_ms18
  L_VDelay_Advanced_ms19
  L_VDelay_Advanced_ms20
  L_end_Get_Fosc_kHz
  _Get_Fosc_kHz
  L_end_Delay_1us
  _Delay_1us
  L_end_Delay_10us
  _Delay_10us
  L_end_Delay_22us
  _Delay_22us
  L_end_Delay_50us
  _Delay_50us
  L_end_Delay_80us
  _Delay_80us
  L_end_Delay_500us
  _Delay_500us
  L_end_Delay_5500us
  _Delay_5500us
  L_end_Delay_1ms
  _Delay_1ms
  L_end_Delay_5ms
  _Delay_5ms
  L_end_Delay_8ms
  _Delay_8ms
  L_end_Delay_10ms
  _Delay_10ms
  L_end_Delay_100ms
  _Delay_100ms
  L_end_Delay_1sec
  _Delay_1sec
  L_end_boot16_Delay_5ms
  _boot16_Delay_5ms
  L_end_Delay_Cyc
  _Delay_Cyc
  L_end_VDelay_ms
  _VDelay_ms
  L__VDelay_ms38
  L__VDelay_ms39
  L__VDelay_ms40
  L_end_VDelay_Advanced_ms
  _VDelay_Advanced_ms
  L__VDelay_Advanced_ms42
  L__VDelay_Advanced_ms43
  L__VDelay_Advanced_ms44
  L_Div_16x16_S0
  L_Div_16x16_S1
  LOOPS3232A
  SADD22LA
  SOK22LA
  SADD22L8
  SOK22L8
  LOOPS3232B
  SADD22LB
  SOK22LB
  SADD22L16
  SOK22L16
  LOOPS3232C
  SADD22LC
  SOK22LC
  SADD22L24
  SOK22L24
  LOOPS3232D
  SADD22LD
  SOK22LD
  SOK22L
  L_Div_32x32_S6
  L_Div_32x32_S7
  L_Div_32x32_S8
  L_Div_32x32_S9
  FXD3232S
  END_ALL
  CA3232S
  C3232SX
  C3232SX1
  C3232S
  C3232S2
  C3232SX4
  C3232SOK
  C3232SX3
  C3232SX2
  avoid_comfrem
  LOOPU3232A
  UADD22LA
  UOK22LA
  UADD22L8
  UOK22L8
  LOOPU3232B
  UADD22LB
  UOK22LB
  UADD22L16
  UOK22L16
  LOOPU3232C
  UADD22LC
  UOK22LC
  UADD22L24
  UOK22L24
  LOOPU3232D
  UADD22LD
  UOK22LD
  UOK22L
  _NEXT
  _EXIT2
  _LOOP
  _EXIT1
  _IF_FIRST
  _IF_SECOND
  _INVERCE_FIRST
  _MULT
  _INBERSE_SECOND
  _EXIT
  L_end_Mul_8X8_U
  _Mul_8X8_U
  L_end_Mul_16X16_U
  _Mul_16X16_U
  L_end_Div_8X8_U
  _Div_8X8_U
  L_end_Div_16X16_U
  _Div_16X16_U
  L_end_Mul_8X8_S
  _Mul_8X8_S
  L_end_Mul_16X16_S
  _Mul_16X16_S
  L_end_Div_16x16_S_L
  _Div_16x16_S_L
  L_end_Div_16x16_S
  _Div_16x16_S
  L_end_Div_8X8_S
  _Div_8X8_S
  L_end_SDIV3232L
  _SDIV3232L
  L_end_COMFREM
  _COMFREM
  L_end_Div_32x32_S
  _Div_32x32_S
  L_end_Div_32x32_U
  _Div_32x32_U
  L_end_Mul_32x32_U
  _Mul_32x32_U
  L_end_Mul_32x32_S
  _Mul_32x32_S
  L_end_PWM2_Init
  _PWM2_Init
  L_end_PWM2_Set_Duty
  _PWM2_Set_Duty
  L__PWM2_Set_Duty2
  L__PWM2_Set_Duty3
  L__PWM2_Set_Duty4
  L__PWM2_Set_Duty5
  L_end_PWM2_Start
  _PWM2_Start
  L_end_PWM2_Stop
  _PWM2_Stop
  L_end_PWM1_Init
  _PWM1_Init
  L_end_PWM1_Set_Duty
  _PWM1_Set_Duty
  L__PWM1_Set_Duty10
  L__PWM1_Set_Duty11
  L__PWM1_Set_Duty12
  L__PWM1_Set_Duty13
  L_end_PWM1_Start
  _PWM1_Start
  L_end_PWM1_Stop
  _PWM1_Stop
  L_loopCA2AWs
  L_CA2AWend
  _CCA2AW_Loop1
  L_loopCS2Ss
  L_CS2Send
  _CCS2S_Loop1
  L_CCS2Send
  L_loopFZinSWs
  L_FZinSend
  _CC2D_Loop1
  L_end_____DoICP
  _____DoICP
  L_end_____DoIFC
  _____DoIFC
  L_end___CA2AW
  ___CA2AW
  L_end___CCA2AW
  ___CCA2AW
  L_end___CS2S
  ___CS2S
  L_end___CCS2S
  ___CCS2S
  L_end___FZinS
  ___FZinS
  L_end___CC2DW
  ___CC2DW
  L_end_Swap
  _Swap
